C51 COMPILER V9.60.7.0   MAIN                                                              03/03/2024 11:20:17 PAGE 1   


C51 COMPILER V9.60.7.0, COMPILATION OF MODULE MAIN
OBJECT MODULE PLACED IN .\Objects\main.obj
COMPILER INVOKED BY: D:\zhulibo\software\keil5\C51\BIN\C51.EXE main.c OPTIMIZE(8,SPEED) BROWSE DEBUG OBJECTEXTEND PRINT(
                    -.\Listings\main.lst) TABS(2) OBJECT(.\Objects\main.obj)

line level    source

   1          #include <REGX52.H>
   2          #include <intrins.h>
   3          
   4          
   5          void Delay(unsigned int x)    //@12.000MHz
   6          {
   7   1        while(x){
   8   2            unsigned char i, j;
   9   2      
  10   2          i = 2;
  11   2          j = 239;
  12   2          do
  13   2          {
  14   3            while (--j);
  15   3          } while (--i); 
  16   2          x--;
  17   2        }
  18   1        
  19   1      }
  20            
  21          
  22          
  23          
  24          
  25          void main(){
  26   1         P2=0xAA;//1010 1010
  27   1        while(1){
  28   2          
  29   2           if(P3_1==0)
  30   2           {
  31   3              Delay(20);
  32   3              while(P3_1==0);
  33   3              Delay(20);
  34   3             
  35   3              P2=~P2;
  36   3           
  37   3           }
  38   2        }
  39   1      
  40   1      
  41   1      
  42   1      
  43   1      }


MODULE INFORMATION:   STATIC OVERLAYABLE
   CODE SIZE        =     52    ----
   CONSTANT SIZE    =   ----    ----
   XDATA SIZE       =   ----    ----
   PDATA SIZE       =   ----    ----
   DATA SIZE        =   ----       2
   IDATA SIZE       =   ----    ----
   BIT SIZE         =   ----    ----
END OF MODULE INFORMATION.

C51 COMPILER V9.60.7.0   MAIN                                                              03/03/2024 11:20:17 PAGE 2   


C51 COMPILATION COMPLETE.  0 WARNING(S),  0 ERROR(S)
