C51 COMPILER V9.60.7.0   MAIN                                                              03/02/2024 21:14:22 PAGE 1   


C51 COMPILER V9.60.7.0, COMPILATION OF MODULE MAIN
OBJECT MODULE PLACED IN .\Objects\main.obj
COMPILER INVOKED BY: D:\zhulibo\software\keil5\C51\BIN\C51.EXE main.c OPTIMIZE(8,SPEED) BROWSE DEBUG OBJECTEXTEND PRINT(
                    -.\Listings\main.lst) TABS(2) OBJECT(.\Objects\main.obj)

line level    source

   1          #include <REGX52.H>
   2          #include<INTRINS.H>
   3          
   4          void Delay500ms()   //@12.000MHz
   5          {
   6   1        unsigned char i, j, k;
   7   1      
   8   1        _nop_();
   9   1        i = 4;
  10   1        j = 205;
  11   1        k = 187;
  12   1        do
  13   1        {
  14   2          do
  15   2          {
  16   3            while (--k);
  17   3          } while (--j);
  18   2        } while (--i);
  19   1      }
  20          
  21          
  22          
  23          void main()
  24          {
  25   1        while(1)
  26   1        {
  27   2            P2= 0xFE;    //1111 1110
  28   2            Delay500ms();
  29   2          
  30   2            P2= 0xFD;   //1111 1101
  31   2            Delay500ms();
  32   2          
  33   2            P2= 0xFB;    //1111 1011
  34   2            Delay500ms();
  35   2          
  36   2            P2= 0xF7;   //1111 0111
  37   2            Delay500ms();
  38   2          
  39   2            P2= 0xEF;    //1110 1111
  40   2            Delay500ms();
  41   2          
  42   2            P2= 0xDF;    //1101 1111
  43   2            Delay500ms();
  44   2          
  45   2            P2= 0xBF;    //1011 1111
  46   2            Delay500ms();
  47   2          
  48   2            P2= 0x7F;   //0111 1111
  49   2            Delay500ms();
  50   2            
  51   2        }
  52   1      
  53   1      
  54   1      
C51 COMPILER V9.60.7.0   MAIN                                                              03/02/2024 21:14:22 PAGE 2   

  55   1      
  56   1      }


MODULE INFORMATION:   STATIC OVERLAYABLE
   CODE SIZE        =     64    ----
   CONSTANT SIZE    =   ----    ----
   XDATA SIZE       =   ----    ----
   PDATA SIZE       =   ----    ----
   DATA SIZE        =   ----    ----
   IDATA SIZE       =   ----    ----
   BIT SIZE         =   ----    ----
END OF MODULE INFORMATION.


C51 COMPILATION COMPLETE.  0 WARNING(S),  0 ERROR(S)
