C51 COMPILER V9.60.7.0   MAIN                                                              03/05/2024 18:22:44 PAGE 1   


C51 COMPILER V9.60.7.0, COMPILATION OF MODULE MAIN
OBJECT MODULE PLACED IN .\Objects\main.obj
COMPILER INVOKED BY: D:\zhulibo\software\keil5\C51\BIN\C51.EXE main.c OPTIMIZE(8,SPEED) BROWSE DEBUG OBJECTEXTEND PRINT(
                    -.\Listings\main.lst) TABS(2) OBJECT(.\Objects\main.obj)

line level    source

   1          #include <REGX52.H>
   2          
   3          
   4          void Delay(unsigned int x)    //@12.000MHz
   5          {
   6   1        while(x--){
   7   2          unsigned char i, j;
   8   2      
   9   2          i = 2;
  10   2          j = 239;
  11   2          do
  12   2          {
  13   3            while (--j);
  14   3          } while (--i);
  15   2        }
  16   1        
  17   1        }
  18          
  19          
  20          
  21          void main(){
  22   1        unsigned char LEDnum=0;
  23   1         P2=~0x01;
  24   1        
  25   1        
  26   1        while(1){
  27   2           if(P3_0==0){ 
  28   3             
  29   3              Delay(20);
  30   3               while(P3_0==0);
  31   3               Delay(20); 
  32   3             
  33   3             LEDnum++;
  34   3             if(LEDnum==8)
  35   3                LEDnum=0;
  36   3              P2=~(0x01<<LEDnum);
  37   3             
  38   3             }
  39   2           
  40   2             
  41   2             if(P3_1==0){ 
  42   3             
  43   3              Delay(20);
  44   3               while(P3_1==0);
  45   3               Delay(20); 
  46   3             
  47   3               if(LEDnum==0)
  48   3               {
  49   4                  LEDnum=7;
  50   4               }
  51   3                
  52   3               else
  53   3               {
  54   4                  LEDnum--;
C51 COMPILER V9.60.7.0   MAIN                                                              03/05/2024 18:22:44 PAGE 2   

  55   4               }
  56   3                
  57   3                P2=~(0x01<<LEDnum);
  58   3             
  59   3             }
  60   2      
  61   2        }
  62   1          
  63   1      }
  64          
  65          


MODULE INFORMATION:   STATIC OVERLAYABLE
   CODE SIZE        =    102    ----
   CONSTANT SIZE    =   ----    ----
   XDATA SIZE       =   ----    ----
   PDATA SIZE       =   ----    ----
   DATA SIZE        =   ----       2
   IDATA SIZE       =   ----    ----
   BIT SIZE         =   ----    ----
END OF MODULE INFORMATION.


C51 COMPILATION COMPLETE.  0 WARNING(S),  0 ERROR(S)
