C51 COMPILER V9.60.7.0   MAIN                                                              03/06/2024 21:24:16 PAGE 1   


C51 COMPILER V9.60.7.0, COMPILATION OF MODULE MAIN
OBJECT MODULE PLACED IN .\Objects\main.obj
COMPILER INVOKED BY: D:\zhulibo\software\keil5\C51\BIN\C51.EXE main.c OPTIMIZE(8,SPEED) BROWSE DEBUG OBJECTEXTEND PRINT(
                    -.\Listings\main.lst) TABS(2) OBJECT(.\Objects\main.obj)

line level    source

   1          #include <REGX52.H>
   2          
   3          
   4          void Delay(unsigned int x)    //@12.000MHz
   5          {
   6   1        while(x--)
   7   1        {
   8   2            unsigned char i, j;
   9   2      
  10   2            i = 2;
  11   2            j = 239;
  12   2            do
  13   2            {
  14   3              while (--j);
  15   3            } while (--i);
  16   2        }
  17   1        
  18   1      }
  19          
  20          
  21          
  22          
  23          unsigned char nixietable[]={0x3F,0x06,0x5B,0x4F,0x66,0x6D,0x7D,0x07,0x7F,0x6F};
  24          
  25          void nixie(unsigned char location,number)//x is location,y is the number
  26          {
  27   1          switch(location)
  28   1          {
  29   2            case 1:P2_4=1;P2_3=1;P2_2=1;break;
  30   2            case 2:P2_4=1;P2_3=1;P2_2=0;break;
  31   2            case 3:P2_4=1;P2_3=0;P2_2=1;break;
  32   2            case 4:P2_4=1;P2_3=0;P2_2=0;break;
  33   2            case 5:P2_4=0;P2_3=1;P2_2=1;break;
  34   2            case 6:P2_4=0;P2_3=1;P2_2=0;break;
  35   2            case 7:P2_4=0;P2_3=0;P2_2=1;break;
  36   2            case 8:P2_4=0;P2_3=0;P2_2=0;break;
  37   2          
  38   2            
  39   2          }
  40   1          
  41   1          P0=nixietable[number];
  42   1          Delay(1);
  43   1          P0=0x00;
  44   1      }
  45          void main(){
  46   1        
  47   1        
  48   1        while(1){
  49   2          
  50   2            nixie(1,9);
  51   2      //      Delay(200);
  52   2            nixie(2,5);
  53   2      //      Delay(200);
  54   2            nixie(3,1);
C51 COMPILER V9.60.7.0   MAIN                                                              03/06/2024 21:24:16 PAGE 2   

  55   2      //      Delay(200);
  56   2          
  57   2        }
  58   1      
  59   1      }


MODULE INFORMATION:   STATIC OVERLAYABLE
   CODE SIZE        =    163    ----
   CONSTANT SIZE    =   ----    ----
   XDATA SIZE       =   ----    ----
   PDATA SIZE       =   ----    ----
   DATA SIZE        =     10       2
   IDATA SIZE       =   ----    ----
   BIT SIZE         =   ----    ----
END OF MODULE INFORMATION.


C51 COMPILATION COMPLETE.  0 WARNING(S),  0 ERROR(S)
