C51 COMPILER V9.60.7.0   DELAY                                                             03/06/2024 21:32:56 PAGE 1   


C51 COMPILER V9.60.7.0, COMPILATION OF MODULE DELAY
OBJECT MODULE PLACED IN .\Objects\delay.obj
COMPILER INVOKED BY: D:\zhulibo\software\keil5\C51\BIN\C51.EXE delay.c OPTIMIZE(8,SPEED) BROWSE DEBUG OBJECTEXTEND PRINT
                    -(.\Listings\delay.lst) TABS(2) OBJECT(.\Objects\delay.obj)

line level    source

   1          
   2          void Delay(unsigned int x)    //@12.000MHz
   3          {
   4   1        while(x--)
   5   1        {
   6   2            unsigned char i, j;
   7   2      
   8   2            i = 2;
   9   2            j = 239;
  10   2            do
  11   2            {
  12   3              while (--j);
  13   3            } while (--i);
  14   2        }
  15   1        
  16   1      }


MODULE INFORMATION:   STATIC OVERLAYABLE
   CODE SIZE        =     25    ----
   CONSTANT SIZE    =   ----    ----
   XDATA SIZE       =   ----    ----
   PDATA SIZE       =   ----    ----
   DATA SIZE        =   ----       2
   IDATA SIZE       =   ----    ----
   BIT SIZE         =   ----    ----
END OF MODULE INFORMATION.


C51 COMPILATION COMPLETE.  0 WARNING(S),  0 ERROR(S)
