C51 COMPILER V9.60.7.0   MAIN                                                              03/06/2024 21:35:23 PAGE 1   


C51 COMPILER V9.60.7.0, COMPILATION OF MODULE MAIN
OBJECT MODULE PLACED IN .\Objects\main.obj
COMPILER INVOKED BY: D:\zhulibo\software\keil5\C51\BIN\C51.EXE main.c OPTIMIZE(8,SPEED) BROWSE DEBUG OBJECTEXTEND PRINT(
                    -.\Listings\main.lst) TABS(2) OBJECT(.\Objects\main.obj)

line level    source

   1          #include <REGX52.H>
   2          #include "nixie.h"
   3          void main()
   4          {
   5   1        while(1){
   6   2          
   7   2            nixie(1,7);
   8   2      //      Delay(200);
   9   2            nixie(2,8);
  10   2      //      Delay(200);
  11   2            nixie(3,2);
  12   2      //      Delay(200);
  13   2            nixie(4,1);
  14   2          
  15   2          
  16   2        }
  17   1      }
  18            
  19            


MODULE INFORMATION:   STATIC OVERLAYABLE
   CODE SIZE        =     38    ----
   CONSTANT SIZE    =   ----    ----
   XDATA SIZE       =   ----    ----
   PDATA SIZE       =   ----    ----
   DATA SIZE        =   ----    ----
   IDATA SIZE       =   ----    ----
   BIT SIZE         =   ----    ----
END OF MODULE INFORMATION.


C51 COMPILATION COMPLETE.  0 WARNING(S),  0 ERROR(S)
